2020-08-20 17:23:28,497 - instabot version: 0.117.0 (bot) - INFO - Instabot version: 0.117.0 Started
2020-08-20 17:23:28,497 - instabot version: 0.117.0 (bot) - DEBUG - Bot imported from D:\Python\lib\site-packages\instabot\bot\bot.py
2020-08-20 17:23:28,498 - instabot version: 0.117.0 (api_login) - DEBUG - Loading cookies
2020-08-20 17:23:28,498 - instabot version: 0.117.0 (api_login) - DEBUG - Loading uuids
2020-08-20 17:23:28,498 - instabot version: 0.117.0 (api_login) - INFO - Recovery from C:\Users\ellio\OneDrive\Documents\GitHub\memepage/config/freshly.squeeze_uuid_and_cookie.json: COOKIE True - UUIDs True - TIMING, DEVICE and ...
- user-agent=Instagram 117.0.0.28.123 Android (28/9.0; 420dpi; 1080x1920; OnePlus; ONEPLUS A3003; OnePlus3; qcom; en_US; 180322800)
- phone_id=815992c6-d480-4fc1-bbfc-64ca4f7f5201
- uuid=14676004-ff81-40b9-92f8-d938c2be330c
- client_session_id=a0544c41-8712-4f9e-bd3f-e580cc176ec1
- device_id=android-d918cd0571e06043
2020-08-20 17:23:28,500 - instabot version: 0.117.0 (api_login) - INFO - LOGIN FLOW! Just logged-in: False
2020-08-20 17:23:29,610 - instabot version: 0.117.0 (api) - DEBUG - POST to endpoint: feed/timeline/ returned response: <Response [200]>
2020-08-20 17:23:30,528 - instabot version: 0.117.0 (api) - DEBUG - POST to endpoint: feed/reels_tray/ returned response: <Response [200]>
2020-08-20 17:23:30,530 - instabot version: 0.117.0 (api) - INFO - Logged-in successfully as 'freshly.squeeze'!
2020-08-20 17:23:30,531 - instabot version: 0.117.0 (bot_checkpoint) - DEBUG - Loading Checkpoint file from: C:\Users\ellio\OneDrive\Documents\GitHub\memepage/config/freshly.squeeze.checkpoint
2020-08-20 17:25:57,544 - instabot version: 0.117.0 (bot_video) - INFO - Started uploading 'images/dankvideos\Author says the N word.mp4'
2020-08-20 17:26:24,257 - instabot version: 0.117.0 (api) - DEBUG - POST to endpoint: media/configure/?video=1 returned response: <Response [200]>
2020-08-20 17:26:24,475 - instabot version: 0.117.0 (api) - DEBUG - POST to endpoint: qe/expose/ returned response: <Response [200]>
2020-08-20 17:26:24,476 - instabot version: 0.117.0 (bot_video) - INFO - Video 'images/dankvideos\Author says the N word.mp4' uploaded
2020-08-20 17:34:46,220 - instabot version: 0.117.0 (bot_video) - INFO - Started uploading 'images/dankvideos\Bruh.mp4'
2020-08-20 17:35:52,908 - instabot version: 0.117.0 (bot_video) - INFO - Video 'images/dankvideos\Bruh.mp4' is not uploaded .
2020-08-20 17:42:34,663 - instabot version: 0.117.0 (bot_checkpoint) - DEBUG - Saving Checkpoint file to: C:\Users\ellio\OneDrive\Documents\GitHub\memepage/config/freshly.squeeze.checkpoint
2020-08-20 17:42:34,663 - instabot version: 0.117.0 (bot) - INFO - Total requests: 79
