2020-08-25 21:14:50,844 - instabot version: 0.117.0 (bot) - INFO - Instabot version: 0.117.0 Started
2020-08-25 21:14:50,845 - instabot version: 0.117.0 (bot) - DEBUG - Bot imported from D:\Python\lib\site-packages\instabot\bot\bot.py
2020-08-25 21:14:50,850 - instabot version: 0.117.0 (api_login) - DEBUG - Loading cookies
2020-08-25 21:14:50,850 - instabot version: 0.117.0 (api_login) - DEBUG - Loading uuids
2020-08-25 21:14:50,850 - instabot version: 0.117.0 (api_login) - INFO - Recovery from C:\Users\ellio\OneDrive\Documents\GitHub\memepage/config/freshly.squeeze_uuid_and_cookie.json: COOKIE True - UUIDs True - TIMING, DEVICE and ...
- user-agent=Instagram 117.0.0.28.123 Android (28/9.0; 420dpi; 1080x1920; OnePlus; ONEPLUS A3003; OnePlus3; qcom; en_US; 180322800)
- phone_id=815992c6-d480-4fc1-bbfc-64ca4f7f5201
- uuid=14676004-ff81-40b9-92f8-d938c2be330c
- client_session_id=b56c3ab8-c6c7-4bd5-9564-68043822dcb1
- device_id=android-d918cd0571e06043
2020-08-25 21:14:50,855 - instabot version: 0.117.0 (api_login) - INFO - LOGIN FLOW! Just logged-in: False
2020-08-25 21:14:52,305 - instabot version: 0.117.0 (api) - DEBUG - POST to endpoint: feed/timeline/ returned response: <Response [200]>
2020-08-25 21:14:53,332 - instabot version: 0.117.0 (api) - DEBUG - POST to endpoint: feed/reels_tray/ returned response: <Response [200]>
2020-08-25 21:14:53,335 - instabot version: 0.117.0 (api) - INFO - Logged-in successfully as 'freshly.squeeze'!
2020-08-25 21:14:53,336 - instabot version: 0.117.0 (bot_checkpoint) - DEBUG - Loading Checkpoint file from: C:\Users\ellio\OneDrive\Documents\GitHub\memepage/config/freshly.squeeze.checkpoint
2020-08-25 21:14:57,447 - instabot version: 0.117.0 (bot_checkpoint) - DEBUG - Saving Checkpoint file to: C:\Users\ellio\OneDrive\Documents\GitHub\memepage/config/freshly.squeeze.checkpoint
2020-08-25 21:14:57,448 - instabot version: 0.117.0 (bot) - INFO - Total requests: 83
2020-08-25 21:15:45,361 - instabot version: 0.117.0 (bot) - INFO - Instabot version: 0.117.0 Started
2020-08-25 21:15:45,361 - instabot version: 0.117.0 (bot) - DEBUG - Bot imported from D:\Python\lib\site-packages\instabot\bot\bot.py
2020-08-25 21:15:45,367 - instabot version: 0.117.0 (api_login) - DEBUG - Loading cookies
2020-08-25 21:15:45,368 - instabot version: 0.117.0 (api_login) - DEBUG - Loading uuids
2020-08-25 21:15:45,368 - instabot version: 0.117.0 (api_login) - INFO - Recovery from C:\Users\ellio\OneDrive\Documents\GitHub\memepage/config/freshly.squeeze_uuid_and_cookie.json: COOKIE True - UUIDs True - TIMING, DEVICE and ...
- user-agent=Instagram 117.0.0.28.123 Android (28/9.0; 420dpi; 1080x1920; OnePlus; ONEPLUS A3003; OnePlus3; qcom; en_US; 180322800)
- phone_id=815992c6-d480-4fc1-bbfc-64ca4f7f5201
- uuid=14676004-ff81-40b9-92f8-d938c2be330c
- client_session_id=b56c3ab8-c6c7-4bd5-9564-68043822dcb1
- device_id=android-d918cd0571e06043
2020-08-25 21:15:45,369 - instabot version: 0.117.0 (api_login) - INFO - LOGIN FLOW! Just logged-in: False
2020-08-25 21:15:47,420 - instabot version: 0.117.0 (api) - DEBUG - POST to endpoint: feed/timeline/ returned response: <Response [200]>
2020-08-25 21:15:48,403 - instabot version: 0.117.0 (api) - DEBUG - POST to endpoint: feed/reels_tray/ returned response: <Response [200]>
2020-08-25 21:15:48,406 - instabot version: 0.117.0 (api) - INFO - Logged-in successfully as 'freshly.squeeze'!
2020-08-25 21:15:48,406 - instabot version: 0.117.0 (bot_checkpoint) - DEBUG - Loading Checkpoint file from: C:\Users\ellio\OneDrive\Documents\GitHub\memepage/config/freshly.squeeze.checkpoint
2020-08-25 21:15:58,919 - instabot version: 0.117.0 (bot_checkpoint) - DEBUG - Saving Checkpoint file to: C:\Users\ellio\OneDrive\Documents\GitHub\memepage/config/freshly.squeeze.checkpoint
2020-08-25 21:15:58,920 - instabot version: 0.117.0 (bot) - INFO - Total requests: 83
