2020-08-18 17:16:58,659 - instabot version: 0.117.0 (bot) - INFO - Instabot version: 0.117.0 Started
2020-08-18 17:16:58,659 - instabot version: 0.117.0 (bot) - DEBUG - Bot imported from D:\Python\lib\site-packages\instabot\bot\bot.py
2020-08-18 17:16:58,665 - instabot version: 0.117.0 (api_login) - DEBUG - Loading cookies
2020-08-18 17:16:58,665 - instabot version: 0.117.0 (api_login) - DEBUG - Loading uuids
2020-08-18 17:16:58,666 - instabot version: 0.117.0 (api_login) - INFO - Recovery from C:\Users\ellio\OneDrive\Documents\GitHub\instagram-posting-bot/config/freshly.squeeze_uuid_and_cookie.json: COOKIE True - UUIDs True - TIMING, DEVICE and ...
- user-agent=Instagram 117.0.0.28.123 Android (28/9.0; 420dpi; 1080x1920; OnePlus; ONEPLUS A3003; OnePlus3; qcom; en_US; 180322800)
- phone_id=815992c6-d480-4fc1-bbfc-64ca4f7f5201
- uuid=14676004-ff81-40b9-92f8-d938c2be330c
- client_session_id=39c05463-44ce-4fa4-af0a-49053e1b861d
- device_id=android-d918cd0571e06043
2020-08-18 17:16:58,671 - instabot version: 0.117.0 (api_login) - INFO - LOGIN FLOW! Just logged-in: False
2020-08-18 17:16:59,900 - instabot version: 0.117.0 (api) - DEBUG - POST to endpoint: feed/timeline/ returned response: <Response [200]>
2020-08-18 17:17:00,835 - instabot version: 0.117.0 (api) - DEBUG - POST to endpoint: feed/reels_tray/ returned response: <Response [200]>
2020-08-18 17:17:00,840 - instabot version: 0.117.0 (api) - INFO - Logged-in successfully as 'freshly.squeeze'!
2020-08-18 17:17:00,842 - instabot version: 0.117.0 (bot_checkpoint) - DEBUG - Loading Checkpoint file from: C:\Users\ellio\OneDrive\Documents\GitHub\instagram-posting-bot/config/freshly.squeeze.checkpoint
2020-08-18 17:17:30,241 - instabot version: 0.117.0 (api) - DEBUG - POST to endpoint: media/configure/? returned response: <Response [200]>
2020-08-18 17:17:30,474 - instabot version: 0.117.0 (api) - DEBUG - POST to endpoint: qe/expose/ returned response: <Response [200]>
2020-08-18 17:17:30,475 - instabot version: 0.117.0 (bot_photo) - INFO - Photo 'images\memes\15 years from now.jpg' is uploaded.
2020-08-18 17:19:28,951 - instabot version: 0.117.0 (api) - DEBUG - POST to endpoint: media/configure/? returned response: <Response [200]>
2020-08-18 17:19:29,175 - instabot version: 0.117.0 (api) - DEBUG - POST to endpoint: qe/expose/ returned response: <Response [200]>
2020-08-18 17:19:29,176 - instabot version: 0.117.0 (bot_photo) - INFO - Photo 'images\memes\2020 is really messed up.jpg' is uploaded.
2020-08-18 17:21:26,455 - instabot version: 0.117.0 (api) - DEBUG - POST to endpoint: media/configure/? returned response: <Response [200]>
2020-08-18 17:21:26,675 - instabot version: 0.117.0 (api) - DEBUG - POST to endpoint: qe/expose/ returned response: <Response [200]>
2020-08-18 17:21:26,675 - instabot version: 0.117.0 (bot_photo) - INFO - Photo 'images\memes\A short story.jpg' is uploaded.
2020-08-18 17:22:37,326 - instabot version: 0.117.0 (bot_checkpoint) - DEBUG - Saving Checkpoint file to: C:\Users\ellio\OneDrive\Documents\GitHub\instagram-posting-bot/config/freshly.squeeze.checkpoint
2020-08-18 17:22:37,327 - instabot version: 0.117.0 (bot) - INFO - Total requests: 45
