2020-08-18 16:48:05,967 - instabot version: 0.117.0 (bot) - INFO - Instabot version: 0.117.0 Started
2020-08-18 16:48:05,967 - instabot version: 0.117.0 (bot) - DEBUG - Bot imported from D:\Python\lib\site-packages\instabot\bot\bot.py
2020-08-18 16:48:05,973 - instabot version: 0.117.0 (api_login) - DEBUG - Loading cookies
2020-08-18 16:48:05,973 - instabot version: 0.117.0 (api_login) - DEBUG - Loading uuids
2020-08-18 16:48:05,973 - instabot version: 0.117.0 (api_login) - INFO - Recovery from C:\Users\ellio\OneDrive\Documents\GitHub\instagram-posting-bot/config/memeaccounttest_uuid_and_cookie.json: COOKIE True - UUIDs True - TIMING, DEVICE and ...
- user-agent=Instagram 117.0.0.28.123 Android (28/9.0; 420dpi; 1080x1920; OnePlus; ONEPLUS A3003; OnePlus3; qcom; en_US; 180322800)
- phone_id=038a97c3-3324-4a53-95b5-c1363ac9759c
- uuid=a9e24200-16e2-448c-ba5d-f95e3b5e4543
- client_session_id=61932f1d-e713-4f81-a3db-48db11c89d47
- device_id=android-e660ce40f55b3c61
2020-08-18 16:48:05,974 - instabot version: 0.117.0 (api_login) - INFO - LOGIN FLOW! Just logged-in: False
2020-08-18 16:48:07,152 - instabot version: 0.117.0 (api) - DEBUG - POST to endpoint: feed/timeline/ returned response: <Response [200]>
2020-08-18 16:48:08,051 - instabot version: 0.117.0 (api) - DEBUG - POST to endpoint: feed/reels_tray/ returned response: <Response [200]>
2020-08-18 16:48:08,056 - instabot version: 0.117.0 (api) - INFO - Logged-in successfully as 'memeaccounttest'!
2020-08-18 16:48:08,056 - instabot version: 0.117.0 (bot_checkpoint) - DEBUG - Loading Checkpoint file from: C:\Users\ellio\OneDrive\Documents\GitHub\instagram-posting-bot/config/memeaccounttest.checkpoint
2020-08-18 16:48:19,981 - instabot version: 0.117.0 (api_photo) - ERROR - Photo does not have a compatible photo aspect ratio.
2020-08-18 16:48:19,981 - instabot version: 0.117.0 (bot_photo) - INFO - Photo 'images\memes\05z631u1uiz41.jpg' is not uploaded.
2020-08-18 16:56:20,428 - instabot version: 0.117.0 (bot) - INFO - Instabot version: 0.117.0 Started
2020-08-18 16:56:20,429 - instabot version: 0.117.0 (bot) - DEBUG - Bot imported from D:\Python\lib\site-packages\instabot\bot\bot.py
2020-08-18 16:56:20,434 - instabot version: 0.117.0 (api_login) - DEBUG - Loading cookies
2020-08-18 16:56:20,435 - instabot version: 0.117.0 (api_login) - DEBUG - Loading uuids
2020-08-18 16:56:20,435 - instabot version: 0.117.0 (api_login) - INFO - Recovery from C:\Users\ellio\OneDrive\Documents\GitHub\instagram-posting-bot/config/memeaccounttest_uuid_and_cookie.json: COOKIE True - UUIDs True - TIMING, DEVICE and ...
- user-agent=Instagram 117.0.0.28.123 Android (28/9.0; 420dpi; 1080x1920; OnePlus; ONEPLUS A3003; OnePlus3; qcom; en_US; 180322800)
- phone_id=038a97c3-3324-4a53-95b5-c1363ac9759c
- uuid=a9e24200-16e2-448c-ba5d-f95e3b5e4543
- client_session_id=61932f1d-e713-4f81-a3db-48db11c89d47
- device_id=android-e660ce40f55b3c61
2020-08-18 16:56:20,436 - instabot version: 0.117.0 (api_login) - INFO - LOGIN FLOW! Just logged-in: False
2020-08-18 16:56:21,878 - instabot version: 0.117.0 (api) - DEBUG - POST to endpoint: feed/timeline/ returned response: <Response [200]>
2020-08-18 16:56:22,900 - instabot version: 0.117.0 (api) - DEBUG - POST to endpoint: feed/reels_tray/ returned response: <Response [200]>
2020-08-18 16:56:22,904 - instabot version: 0.117.0 (api) - INFO - Logged-in successfully as 'memeaccounttest'!
2020-08-18 16:56:22,905 - instabot version: 0.117.0 (bot_checkpoint) - DEBUG - Loading Checkpoint file from: C:\Users\ellio\OneDrive\Documents\GitHub\instagram-posting-bot/config/memeaccounttest.checkpoint
2020-08-18 16:56:24,484 - instabot version: 0.117.0 (bot_checkpoint) - DEBUG - Saving Checkpoint file to: C:\Users\ellio\OneDrive\Documents\GitHub\instagram-posting-bot/config/memeaccounttest.checkpoint
2020-08-18 16:56:24,485 - instabot version: 0.117.0 (bot) - INFO - Total requests: 47
2020-08-18 17:03:56,782 - instabot version: 0.117.0 (bot) - INFO - Instabot version: 0.117.0 Started
2020-08-18 17:03:56,783 - instabot version: 0.117.0 (bot) - DEBUG - Bot imported from D:\Python\lib\site-packages\instabot\bot\bot.py
2020-08-18 17:03:56,790 - instabot version: 0.117.0 (api_login) - DEBUG - Loading cookies
2020-08-18 17:03:56,790 - instabot version: 0.117.0 (api_login) - DEBUG - Loading uuids
2020-08-18 17:03:56,790 - instabot version: 0.117.0 (api_login) - INFO - Recovery from C:\Users\ellio\OneDrive\Documents\GitHub\instagram-posting-bot/config/freshly.squeeze_uuid_and_cookie.json: COOKIE True - UUIDs True - TIMING, DEVICE and ...
- user-agent=Instagram 117.0.0.28.123 Android (28/9.0; 420dpi; 1080x1920; OnePlus; ONEPLUS A3003; OnePlus3; qcom; en_US; 180322800)
- phone_id=815992c6-d480-4fc1-bbfc-64ca4f7f5201
- uuid=14676004-ff81-40b9-92f8-d938c2be330c
- client_session_id=39c05463-44ce-4fa4-af0a-49053e1b861d
- device_id=android-d918cd0571e06043
2020-08-18 17:03:56,796 - instabot version: 0.117.0 (api_login) - INFO - LOGIN FLOW! Just logged-in: False
2020-08-18 17:03:57,946 - instabot version: 0.117.0 (api) - DEBUG - POST to endpoint: feed/timeline/ returned response: <Response [200]>
2020-08-18 17:03:58,814 - instabot version: 0.117.0 (api) - DEBUG - POST to endpoint: feed/reels_tray/ returned response: <Response [200]>
2020-08-18 17:03:58,820 - instabot version: 0.117.0 (api) - INFO - Logged-in successfully as 'freshly.squeeze'!
2020-08-18 17:03:58,821 - instabot version: 0.117.0 (bot_checkpoint) - DEBUG - Loading Checkpoint file from: C:\Users\ellio\OneDrive\Documents\GitHub\instagram-posting-bot/config/freshly.squeeze.checkpoint
2020-08-18 17:04:27,779 - instabot version: 0.117.0 (api) - DEBUG - POST to endpoint: media/configure/? returned response: <Response [200]>
2020-08-18 17:04:28,034 - instabot version: 0.117.0 (api) - DEBUG - POST to endpoint: qe/expose/ returned response: <Response [200]>
2020-08-18 17:04:28,035 - instabot version: 0.117.0 (bot_photo) - INFO - Photo 'images\memes\15 years from now.jpg' is uploaded.
2020-08-18 17:04:38,650 - instabot version: 0.117.0 (bot_checkpoint) - DEBUG - Saving Checkpoint file to: C:\Users\ellio\OneDrive\Documents\GitHub\instagram-posting-bot/config/freshly.squeeze.checkpoint
2020-08-18 17:04:38,651 - instabot version: 0.117.0 (bot) - INFO - Total requests: 35
