2020-08-19 18:30:32,565 - instabot version: 0.117.0 (bot) - INFO - Instabot version: 0.117.0 Started
2020-08-19 18:30:32,566 - instabot version: 0.117.0 (bot) - DEBUG - Bot imported from D:\Python\lib\site-packages\instabot\bot\bot.py
2020-08-19 18:30:32,571 - instabot version: 0.117.0 (api_login) - DEBUG - Loading cookies
2020-08-19 18:30:32,571 - instabot version: 0.117.0 (api_login) - DEBUG - Loading uuids
2020-08-19 18:30:32,572 - instabot version: 0.117.0 (api_login) - INFO - Recovery from C:\Users\ellio\OneDrive\Documents\GitHub\memepage/config/freshly.squeeze_uuid_and_cookie.json: COOKIE True - UUIDs True - TIMING, DEVICE and ...
- user-agent=Instagram 117.0.0.28.123 Android (28/9.0; 420dpi; 1080x1920; OnePlus; ONEPLUS A3003; OnePlus3; qcom; en_US; 180322800)
- phone_id=815992c6-d480-4fc1-bbfc-64ca4f7f5201
- uuid=14676004-ff81-40b9-92f8-d938c2be330c
- client_session_id=a7683b86-c450-457e-8729-039bd6b9814d
- device_id=android-d918cd0571e06043
2020-08-19 18:30:32,572 - instabot version: 0.117.0 (api_login) - INFO - LOGIN FLOW! Just logged-in: False
2020-08-19 18:30:33,739 - instabot version: 0.117.0 (api) - DEBUG - POST to endpoint: feed/timeline/ returned response: <Response [200]>
2020-08-19 18:30:34,697 - instabot version: 0.117.0 (api) - DEBUG - POST to endpoint: feed/reels_tray/ returned response: <Response [200]>
2020-08-19 18:30:34,701 - instabot version: 0.117.0 (api) - INFO - Logged-in successfully as 'freshly.squeeze'!
2020-08-19 18:30:34,701 - instabot version: 0.117.0 (bot_checkpoint) - DEBUG - Loading Checkpoint file from: C:\Users\ellio\OneDrive\Documents\GitHub\memepage/config/freshly.squeeze.checkpoint
2020-08-19 18:32:22,298 - instabot version: 0.117.0 (bot_video) - INFO - Started uploading 'images/dankvideos\As an American, I can't tell if I should laugh or be offended.mp4'
2020-08-19 18:32:48,327 - instabot version: 0.117.0 (api) - DEBUG - POST to endpoint: media/configure/?video=1 returned response: <Response [200]>
2020-08-19 18:32:48,573 - instabot version: 0.117.0 (api) - DEBUG - POST to endpoint: qe/expose/ returned response: <Response [200]>
2020-08-19 18:32:48,574 - instabot version: 0.117.0 (bot_video) - INFO - Video 'images/dankvideos\As an American, I can't tell if I should laugh or be offended.mp4' uploaded
2020-08-19 18:33:27,354 - instabot version: 0.117.0 (bot_checkpoint) - DEBUG - Saving Checkpoint file to: C:\Users\ellio\OneDrive\Documents\GitHub\memepage/config/freshly.squeeze.checkpoint
2020-08-19 18:33:27,354 - instabot version: 0.117.0 (bot) - INFO - Total requests: 71
