2020-08-19 19:50:55,353 - instabot version: 0.117.0 (bot) - INFO - Instabot version: 0.117.0 Started
2020-08-19 19:50:55,353 - instabot version: 0.117.0 (bot) - DEBUG - Bot imported from D:\Python\lib\site-packages\instabot\bot\bot.py
2020-08-19 19:50:55,361 - instabot version: 0.117.0 (api_login) - DEBUG - Loading cookies
2020-08-19 19:50:55,361 - instabot version: 0.117.0 (api_login) - DEBUG - Loading uuids
2020-08-19 19:50:55,361 - instabot version: 0.117.0 (api_login) - INFO - Recovery from C:\Users\ellio\OneDrive\Documents\GitHub\memepage/config/freshly.squeeze_uuid_and_cookie.json: COOKIE True - UUIDs True - TIMING, DEVICE and ...
- user-agent=Instagram 117.0.0.28.123 Android (28/9.0; 420dpi; 1080x1920; OnePlus; ONEPLUS A3003; OnePlus3; qcom; en_US; 180322800)
- phone_id=815992c6-d480-4fc1-bbfc-64ca4f7f5201
- uuid=14676004-ff81-40b9-92f8-d938c2be330c
- client_session_id=8d4b2a40-6b9b-4f43-ad1b-91bba6080191
- device_id=android-d918cd0571e06043
2020-08-19 19:50:55,362 - instabot version: 0.117.0 (api_login) - INFO - LOGIN FLOW! Just logged-in: False
2020-08-19 19:50:56,716 - instabot version: 0.117.0 (api) - DEBUG - POST to endpoint: feed/timeline/ returned response: <Response [200]>
2020-08-19 19:50:57,496 - instabot version: 0.117.0 (api) - DEBUG - POST to endpoint: feed/reels_tray/ returned response: <Response [200]>
2020-08-19 19:50:57,499 - instabot version: 0.117.0 (api) - INFO - Logged-in successfully as 'freshly.squeeze'!
2020-08-19 19:50:57,499 - instabot version: 0.117.0 (bot_checkpoint) - DEBUG - Loading Checkpoint file from: C:\Users\ellio\OneDrive\Documents\GitHub\memepage/config/freshly.squeeze.checkpoint
2020-08-19 19:52:18,859 - instabot version: 0.117.0 (bot_video) - INFO - Started uploading 'images/dankvideos\As an American, I can't tell if I should laugh or be offended.mp4'
2020-08-19 19:52:45,227 - instabot version: 0.117.0 (api) - DEBUG - POST to endpoint: media/configure/?video=1 returned response: <Response [200]>
2020-08-19 19:52:45,459 - instabot version: 0.117.0 (api) - DEBUG - POST to endpoint: qe/expose/ returned response: <Response [200]>
2020-08-19 19:52:45,459 - instabot version: 0.117.0 (bot_video) - INFO - Video 'images/dankvideos\As an American, I can't tell if I should laugh or be offended.mp4' uploaded
2020-08-19 20:01:06,223 - instabot version: 0.117.0 (bot_video) - INFO - Started uploading 'images/dankvideos\Bider man.mp4'
2020-08-19 20:02:14,065 - instabot version: 0.117.0 (bot_video) - INFO - Video 'images/dankvideos\Bider man.mp4' is not uploaded .
2020-08-19 20:10:36,391 - instabot version: 0.117.0 (bot_video) - INFO - Started uploading 'images/dankvideos\Bonk!!.mp4'
2020-08-19 20:11:42,479 - instabot version: 0.117.0 (bot_video) - INFO - Video 'images/dankvideos\Bonk!!.mp4' is not uploaded .
2020-08-19 20:20:03,652 - instabot version: 0.117.0 (bot_video) - INFO - Started uploading 'images/dankvideos\Day 37 of roasting different subreddits.mp4'
2020-08-19 20:21:12,052 - instabot version: 0.117.0 (bot_video) - INFO - Video 'images/dankvideos\Day 37 of roasting different subreddits.mp4' is not uploaded .
2020-08-19 20:21:45,430 - instabot version: 0.117.0 (bot_checkpoint) - DEBUG - Saving Checkpoint file to: C:\Users\ellio\OneDrive\Documents\GitHub\memepage/config/freshly.squeeze.checkpoint
2020-08-19 20:21:45,431 - instabot version: 0.117.0 (bot) - INFO - Total requests: 73
