2020-08-18 16:57:08,117 - instabot version: 0.117.0 (bot) - INFO - Instabot version: 0.117.0 Started
2020-08-18 16:57:08,118 - instabot version: 0.117.0 (bot) - DEBUG - Bot imported from D:\Python\lib\site-packages\instabot\bot\bot.py
2020-08-18 16:57:08,124 - instabot version: 0.117.0 (api_login) - DEBUG - Loading cookies
2020-08-18 16:57:08,124 - instabot version: 0.117.0 (api_login) - DEBUG - Loading uuids
2020-08-18 16:57:08,124 - instabot version: 0.117.0 (api_login) - INFO - Recovery from C:\Users\ellio\OneDrive\Documents\GitHub\instagram-posting-bot/config/memeaccounttest_uuid_and_cookie.json: COOKIE True - UUIDs True - TIMING, DEVICE and ...
- user-agent=Instagram 117.0.0.28.123 Android (28/9.0; 420dpi; 1080x1920; OnePlus; ONEPLUS A3003; OnePlus3; qcom; en_US; 180322800)
- phone_id=038a97c3-3324-4a53-95b5-c1363ac9759c
- uuid=a9e24200-16e2-448c-ba5d-f95e3b5e4543
- client_session_id=61932f1d-e713-4f81-a3db-48db11c89d47
- device_id=android-e660ce40f55b3c61
2020-08-18 16:57:08,136 - instabot version: 0.117.0 (api_login) - INFO - LOGIN FLOW! Just logged-in: False
2020-08-18 16:57:09,404 - instabot version: 0.117.0 (api) - DEBUG - POST to endpoint: feed/timeline/ returned response: <Response [200]>
2020-08-18 16:57:10,439 - instabot version: 0.117.0 (api) - DEBUG - POST to endpoint: feed/reels_tray/ returned response: <Response [200]>
2020-08-18 16:57:10,444 - instabot version: 0.117.0 (api) - INFO - Logged-in successfully as 'memeaccounttest'!
2020-08-18 16:57:10,445 - instabot version: 0.117.0 (bot_checkpoint) - DEBUG - Loading Checkpoint file from: C:\Users\ellio\OneDrive\Documents\GitHub\instagram-posting-bot/config/memeaccounttest.checkpoint
2020-08-18 16:57:38,402 - instabot version: 0.117.0 (api) - DEBUG - POST to endpoint: media/configure/? returned response: <Response [200]>
2020-08-18 16:57:38,609 - instabot version: 0.117.0 (api) - DEBUG - POST to endpoint: qe/expose/ returned response: <Response [200]>
2020-08-18 16:57:38,610 - instabot version: 0.117.0 (bot_photo) - INFO - Photo 'images\memes\15 years from now.jpg' is uploaded.
2020-08-18 16:57:38,612 - instabot version: 0.117.0 (bot_checkpoint) - DEBUG - Saving Checkpoint file to: C:\Users\ellio\OneDrive\Documents\GitHub\instagram-posting-bot/config/memeaccounttest.checkpoint
2020-08-18 16:57:38,612 - instabot version: 0.117.0 (bot) - INFO - Total requests: 49
