2020-08-25 20:51:19,083 - instabot version: 0.117.0 (bot) - INFO - Instabot version: 0.117.0 Started
2020-08-25 20:51:19,084 - instabot version: 0.117.0 (bot) - DEBUG - Bot imported from D:\Python\lib\site-packages\instabot\bot\bot.py
2020-08-25 20:51:19,084 - instabot version: 0.117.0 (api_login) - DEBUG - Loading cookies
2020-08-25 20:51:19,084 - instabot version: 0.117.0 (api_login) - DEBUG - Loading uuids
2020-08-25 20:51:19,084 - instabot version: 0.117.0 (api_login) - INFO - Recovery from C:\Users\ellio\OneDrive\Documents\GitHub\memepage/config/freshly.squeeze_uuid_and_cookie.json: COOKIE True - UUIDs True - TIMING, DEVICE and ...
- user-agent=Instagram 117.0.0.28.123 Android (28/9.0; 420dpi; 1080x1920; OnePlus; ONEPLUS A3003; OnePlus3; qcom; en_US; 180322800)
- phone_id=815992c6-d480-4fc1-bbfc-64ca4f7f5201
- uuid=14676004-ff81-40b9-92f8-d938c2be330c
- client_session_id=de38ba1c-d328-4e65-9384-9c4add47e913
- device_id=android-d918cd0571e06043
2020-08-25 20:51:19,099 - instabot version: 0.117.0 (api_login) - INFO - LOGIN FLOW! Just logged-in: False
2020-08-25 20:51:25,260 - instabot version: 0.117.0 (api) - DEBUG - POST to endpoint: feed/timeline/ returned response: <Response [200]>
2020-08-25 20:51:26,259 - instabot version: 0.117.0 (api) - DEBUG - POST to endpoint: feed/reels_tray/ returned response: <Response [200]>
2020-08-25 20:51:26,466 - instabot version: 0.117.0 (api) - DEBUG - POST to endpoint: direct_v2/ranked_recipients/ returned response: <Response [200]>
2020-08-25 20:51:26,663 - instabot version: 0.117.0 (api) - DEBUG - POST to endpoint: direct_v2/ranked_recipients/ returned response: <Response [200]>
2020-08-25 20:51:27,135 - instabot version: 0.117.0 (api) - DEBUG - POST to endpoint: direct_v2/inbox/ returned response: <Response [200]>
2020-08-25 20:51:27,362 - instabot version: 0.117.0 (api) - DEBUG - GET to endpoint: direct_v2/get_presence/ returned response: <Response [200]>
2020-08-25 20:51:27,961 - instabot version: 0.117.0 (api) - DEBUG - GET to endpoint: news/inbox/?limited_activity=true&show_su=true returned response: <Response [200]>
2020-08-25 20:51:28,144 - instabot version: 0.117.0 (api) - DEBUG - GET to endpoint: users/profile_notice/ returned response: <Response [200]>
2020-08-25 20:51:29,365 - instabot version: 0.117.0 (api) - DEBUG - POST to endpoint: discover/explore/ returned response: <Response [200]>
2020-08-25 20:51:29,368 - instabot version: 0.117.0 (api) - INFO - Logged-in successfully as 'freshly.squeeze'!
2020-08-25 20:51:29,368 - instabot version: 0.117.0 (bot_checkpoint) - DEBUG - Loading Checkpoint file from: C:\Users\ellio\OneDrive\Documents\GitHub\memepage/config/freshly.squeeze.checkpoint
2020-08-25 20:51:34,434 - instabot version: 0.117.0 (api_photo) - ERROR - Photo does not have a compatible photo aspect ratio.
2020-08-25 20:51:34,435 - instabot version: 0.117.0 (bot_photo) - INFO - Photo 'images/memes\a true hero.png' is not uploaded.
2020-08-25 20:51:38,936 - instabot version: 0.117.0 (bot_checkpoint) - DEBUG - Saving Checkpoint file to: C:\Users\ellio\OneDrive\Documents\GitHub\memepage/config/freshly.squeeze.checkpoint
2020-08-25 20:51:38,937 - instabot version: 0.117.0 (bot) - INFO - Total requests: 83
